<?xml version="1.0" encoding="UTF-8"?>
<testng-results ignored="0" total="5" passed="5" failed="0" skipped="0">
  <reporter-output>
  </reporter-output>
  <suite started-at="2022-10-05T14:51:42 COT" name="Suite" finished-at="2022-10-05T14:52:21 COT" duration-ms="38608">
    <groups>
    </groups>
    <test started-at="2022-10-05T14:51:42 COT" name="Test" finished-at="2022-10-05T14:52:21 COT" duration-ms="38608">
      <class name="com.testNG.RunTestNG">
        <test-method is-config="true" signature="beforeClass(java.lang.String,java.lang.String,java.lang.String)[pri:0, instance:com.testNG.RunTestNG@4f6ee6e4]" started-at="2022-10-05T14:51:42 COT" name="beforeClass" finished-at="2022-10-05T14:51:46 COT" duration-ms="3781" status="PASS">
          <params>
            <param index="0">
              <value>
                <![CDATA[./imagenes/mercadolibre.png]]>
              </value>
            </param>
            <param index="1">
              <value>
                <![CDATA[./imagenes/mercurytours.png]]>
              </value>
            </param>
            <param index="2">
              <value>
                <![CDATA[./imagenes/toolsqa.png]]>
              </value>
            </param>
          </params>
          <reporter-output>
          </reporter-output>
        </test-method> <!-- beforeClass -->
        <test-method signature="mercadolibreTestNG(java.lang.String,java.lang.String,java.lang.String,java.lang.String,java.lang.String,java.lang.String)[pri:1, instance:com.testNG.RunTestNG@4f6ee6e4]" started-at="2022-10-05T14:51:48 COT" name="mercadolibreTestNG" data-provider="mercadolibre" finished-at="2022-10-05T14:51:48 COT" duration-ms="23" status="PASS">
          <params>
            <param index="0">
              <value>
                <![CDATA[tequila]]>
              </value>
            </param>
            <param index="1">
              <value>
                <![CDATA[https://www.mercadolibre.com.co/]]>
              </value>
            </param>
            <param index="2">
              <value>
                <![CDATA[juan777@gmail.com]]>
              </value>
            </param>
            <param index="3">
              <value>
                <![CDATA[Si]]>
              </value>
            </param>
            <param index="4">
              <value>
                <![CDATA[Off]]>
              </value>
            </param>
            <param index="5">
              <value>
                <![CDATA[Juan Ortega C.]]>
              </value>
            </param>
          </params>
          <reporter-output>
          </reporter-output>
        </test-method> <!-- mercadolibreTestNG -->
        <test-method signature="mercadolibreCrearCuentaTestNG(java.lang.String,java.lang.String,java.lang.String,java.lang.String,java.lang.String)[pri:2, instance:com.testNG.RunTestNG@4f6ee6e4]" started-at="2022-10-05T14:51:48 COT" name="mercadolibreCrearCuentaTestNG" data-provider="mercadolibreCrearCuenta" finished-at="2022-10-05T14:52:21 COT" duration-ms="32750" status="PASS">
          <params>
            <param index="0">
              <value>
                <![CDATA[https://www.mercadolibre.com.co/]]>
              </value>
            </param>
            <param index="1">
              <value>
                <![CDATA[juan777@gmail.com]]>
              </value>
            </param>
            <param index="2">
              <value>
                <![CDATA[Si]]>
              </value>
            </param>
            <param index="3">
              <value>
                <![CDATA[On]]>
              </value>
            </param>
            <param index="4">
              <value>
                <![CDATA[Juan Ortega C.]]>
              </value>
            </param>
          </params>
          <reporter-output>
          </reporter-output>
        </test-method> <!-- mercadolibreCrearCuentaTestNG -->
        <test-method signature="mercurytoursTestNG(java.lang.String,java.lang.String,java.lang.String,java.lang.String,java.lang.String,java.lang.String,java.lang.String,java.lang.String,java.lang.String,java.lang.String,java.lang.String,java.lang.String,java.lang.String,java.lang.String,java.lang.String,java.lang.String)[pri:3, instance:com.testNG.RunTestNG@4f6ee6e4]" started-at="2022-10-05T14:52:21 COT" name="mercurytoursTestNG" data-provider="mercurytours" finished-at="2022-10-05T14:52:21 COT" duration-ms="8" status="PASS">
          <params>
            <param index="0">
              <value>
                <![CDATA[Juan]]>
              </value>
            </param>
            <param index="1">
              <value>
                <![CDATA[Ortega]]>
              </value>
            </param>
            <param index="2">
              <value>
                <![CDATA[3007696014]]>
              </value>
            </param>
            <param index="3">
              <value>
                <![CDATA[juanortega@cbit-online.com]]>
              </value>
            </param>
            <param index="4">
              <value>
                <![CDATA[calle 38b sur #86g-52]]>
              </value>
            </param>
            <param index="5">
              <value>
                <![CDATA[Bogota]]>
              </value>
            </param>
            <param index="6">
              <value>
                <![CDATA[Bogota]]>
              </value>
            </param>
            <param index="7">
              <value>
                <![CDATA[90908]]>
              </value>
            </param>
            <param index="8">
              <value>
                <![CDATA[SERBIA]]>
              </value>
            </param>
            <param index="9">
              <value>
                <![CDATA[Jpablo]]>
              </value>
            </param>
            <param index="10">
              <value>
                <![CDATA[1234]]>
              </value>
            </param>
            <param index="11">
              <value>
                <![CDATA[1234]]>
              </value>
            </param>
            <param index="12">
              <value>
                <![CDATA[https://demo.guru99.com/selenium/newtours/register.php]]>
              </value>
            </param>
            <param index="13">
              <value>
                <![CDATA[Si]]>
              </value>
            </param>
            <param index="14">
              <value>
                <![CDATA[Off]]>
              </value>
            </param>
            <param index="15">
              <value>
                <![CDATA[Juan Ortega C.]]>
              </value>
            </param>
          </params>
          <reporter-output>
          </reporter-output>
        </test-method> <!-- mercurytoursTestNG -->
        <test-method signature="ToolsQAAlertsTestNG(java.lang.String,java.lang.String,java.lang.String,java.lang.String,java.lang.String)[pri:4, instance:com.testNG.RunTestNG@4f6ee6e4]" started-at="2022-10-05T14:52:21 COT" name="ToolsQAAlertsTestNG" data-provider="toolsqaAlerts" finished-at="2022-10-05T14:52:21 COT" duration-ms="3" status="PASS">
          <params>
            <param index="0">
              <value>
                <![CDATA[https://demoqa.com/]]>
              </value>
            </param>
            <param index="1">
              <value>
                <![CDATA[automatizacion]]>
              </value>
            </param>
            <param index="2">
              <value>
                <![CDATA[Si]]>
              </value>
            </param>
            <param index="3">
              <value>
                <![CDATA[Off]]>
              </value>
            </param>
            <param index="4">
              <value>
                <![CDATA[Juan Ortega C.]]>
              </value>
            </param>
          </params>
          <reporter-output>
          </reporter-output>
        </test-method> <!-- ToolsQAAlertsTestNG -->
        <test-method signature="ToolsQAWidgetsTestNG(java.lang.String,java.lang.String,java.lang.String,java.lang.String,java.lang.String)[pri:5, instance:com.testNG.RunTestNG@4f6ee6e4]" started-at="2022-10-05T14:52:21 COT" name="ToolsQAWidgetsTestNG" data-provider="toolsqaWidgets" finished-at="2022-10-05T14:52:21 COT" duration-ms="5" status="PASS">
          <params>
            <param index="0">
              <value>
                <![CDATA[https://demoqa.com/]]>
              </value>
            </param>
            <param index="1">
              <value>
                <![CDATA[juan777@gmail.com]]>
              </value>
            </param>
            <param index="2">
              <value>
                <![CDATA[Si]]>
              </value>
            </param>
            <param index="3">
              <value>
                <![CDATA[Off]]>
              </value>
            </param>
            <param index="4">
              <value>
                <![CDATA[Juan Ortega C.]]>
              </value>
            </param>
          </params>
          <reporter-output>
          </reporter-output>
        </test-method> <!-- ToolsQAWidgetsTestNG -->
        <test-method is-config="true" signature="afterClass()[pri:0, instance:com.testNG.RunTestNG@4f6ee6e4]" started-at="2022-10-05T14:52:21 COT" name="afterClass" finished-at="2022-10-05T14:52:21 COT" duration-ms="134" status="PASS">
          <reporter-output>
          </reporter-output>
        </test-method> <!-- afterClass -->
      </class> <!-- com.testNG.RunTestNG -->
    </test> <!-- Test -->
  </suite> <!-- Suite -->
</testng-results>
