<?xml version="1.0" encoding="UTF-8"?>
<!-- Generated by org.testng.reporters.JUnitXMLReporter -->
<testsuite ignored="0" hostname="PE-HO-461" failures="0" tests="5" name="Test" time="38.608" errors="0" timestamp="2022-10-05T14:52:21 COT">
  <testcase classname="com.testNG.RunTestNG" name="mercadolibreTestNG" time="0.023"/>
  <testcase classname="com.testNG.RunTestNG" name="mercadolibreCrearCuentaTestNG" time="32.75"/>
  <testcase classname="com.testNG.RunTestNG" name="mercurytoursTestNG" time="0.008"/>
  <testcase classname="com.testNG.RunTestNG" name="ToolsQAAlertsTestNG" time="0.003"/>
  <testcase classname="com.testNG.RunTestNG" name="ToolsQAWidgetsTestNG" time="0.005"/>
</testsuite> <!-- Test -->
