<?xml version="1.0" encoding="UTF-8"?>
<!-- Generated by org.testng.reporters.JUnitXMLReporter -->
<testsuite ignored="0" hostname="PE-HO-461" failures="0" tests="4" name="Test" time="462.582" errors="0" timestamp="2022-10-07T09:29:27 COT">
  <testcase classname="com.RunTestNG.RunMobileTNG" name="testMercadolibre" time="112.478"/>
  <testcase classname="com.RunTestNG.RunMobileTNG" name="testcalculadora" time="59.445"/>
  <testcase classname="com.RunTestNG.RunMobileTNG" name="testToolsQA" time="160.565"/>
  <testcase classname="com.RunTestNG.RunMobileTNG" name="testToolsQAWidgets" time="128.638"/>
</testsuite> <!-- Test -->
